<?xml version="1.0" encoding="UTF-8"?>
<testng-results ignored="0" total="2" passed="2" failed="0" skipped="0">
  <reporter-output>
  </reporter-output>
  <suite started-at="2020-02-02T12:18:51 CET" name="Default suite" finished-at="2020-02-02T12:19:10 CET" duration-ms="19471">
    <groups>
    </groups>
    <test started-at="2020-02-02T12:18:51 CET" name="Default test" finished-at="2020-02-02T12:19:10 CET" duration-ms="19471">
      <class name="test.JavaScriptTests">
        <test-method is-config="true" signature="setUp()[pri:0, instance:test.JavaScriptTests@4803b726]" started-at="2020-02-02T12:18:51 CET" name="setUp" finished-at="2020-02-02T12:19:06 CET" duration-ms="15010" status="PASS">
          <reporter-output>
          </reporter-output>
        </test-method> <!-- setUp -->
        <test-method is-config="true" signature="goHome()[pri:0, instance:test.JavaScriptTests@4803b726]" started-at="2020-02-02T12:19:06 CET" name="goHome" finished-at="2020-02-02T12:19:06 CET" duration-ms="340" status="PASS">
          <reporter-output>
          </reporter-output>
        </test-method> <!-- goHome -->
        <test-method signature="testScrollToFifthParagraph()[pri:0, instance:test.JavaScriptTests@4803b726]" started-at="2020-02-02T12:19:06 CET" name="testScrollToFifthParagraph" finished-at="2020-02-02T12:19:07 CET" duration-ms="1344" status="PASS">
          <reporter-output>
          </reporter-output>
        </test-method> <!-- testScrollToFifthParagraph -->
        <test-method is-config="true" signature="goHome()[pri:0, instance:test.JavaScriptTests@4803b726]" started-at="2020-02-02T12:19:07 CET" name="goHome" finished-at="2020-02-02T12:19:08 CET" duration-ms="323" status="PASS">
          <reporter-output>
          </reporter-output>
        </test-method> <!-- goHome -->
        <test-method signature="testScrollToTable()[pri:0, instance:test.JavaScriptTests@4803b726]" started-at="2020-02-02T12:19:08 CET" name="testScrollToTable" finished-at="2020-02-02T12:19:09 CET" duration-ms="1515" status="PASS">
          <reporter-output>
          </reporter-output>
        </test-method> <!-- testScrollToTable -->
        <test-method is-config="true" signature="tearDown()[pri:0, instance:test.JavaScriptTests@4803b726]" started-at="2020-02-02T12:19:09 CET" name="tearDown" finished-at="2020-02-02T12:19:10 CET" duration-ms="797" status="PASS">
          <reporter-output>
          </reporter-output>
        </test-method> <!-- tearDown -->
      </class> <!-- test.JavaScriptTests -->
    </test> <!-- Default test -->
  </suite> <!-- Default suite -->
</testng-results>
